<?xml version="1.0" encoding="UTF-8"?>
<!-- Generated by org.testng.reporters.JUnitXMLReporter -->
<testsuite hostname="weiqiangdeMacBook-Pro.local" ignored="0" name="Command line test" tests="13" failures="3" timestamp="02 十一月 2017 03:43:19 GMT" time="6.952" errors="0">
  <testcase name="getUrl" time="0.007" classname="LoginTest.LoginTest"/>
  <testcase name="phoneisLock" time="0.0" classname="LoginTest.LoginTest">
    <failure type="org.testng.TestNGException" message="
Parameter &amp;apos;lockedUser&amp;apos; is required by @Test on method phoneisLock but has not been marked @Optional or defined
">
      <![CDATA[org.testng.TestNGException: 
Parameter 'lockedUser' is required by @Test on method phoneisLock but has not been marked @Optional or defined

... Removed 33 stack frames]]>
    </failure>
  </testcase> <!-- phoneisLock -->
  <testcase name="phoneisNull" time="0.334" classname="LoginTest.LoginTest"/>
  <testcase name="phoneisWrongNumber" time="0.522" classname="LoginTest.LoginTest"/>
  <testcase name="phoneisWrongformat1" time="0.386" classname="LoginTest.LoginTest"/>
  <testcase name="phoneisWrongformat2" time="0.371" classname="LoginTest.LoginTest"/>
  <testcase name="phoneisWrongformat3" time="0.402" classname="LoginTest.LoginTest"/>
  <testcase name="printData" time="0.0" classname="pkg.NewTest"/>
  <testcase name="testH3" time="0.003" classname="pkg.NewTest">
    <failure type="java.lang.AssertionError" message="expected:&amp;lt;h4&amp;gt; but was:&amp;lt;h3&amp;gt;">
      <![CDATA[java.lang.AssertionError: expected:<h4> but was:<h3>
	at pkg.NewTest.testH3(NewTest.java:110)
... Removed 37 stack frames]]>
    </failure>
  </testcase> <!-- testH3 -->
  <testcase name="testHi" time="0.0" classname="pkg.NewTest"/>
  <testcase name="testHi2" time="0.0" classname="pkg.NewTest"/>
  <testcase name="f" time="0.002" classname="Test1">
    <failure type="java.lang.IllegalStateException" message="The path to the driver executable must be set by the webdriver.chrome.driver system property; for more information, see https://github.com/SeleniumHQ/selenium/wiki/ChromeDriver. The latest version can be downloaded from http://chromedriver.storage.googleapis.com/index.html">
      <![CDATA[java.lang.IllegalStateException: The path to the driver executable must be set by the webdriver.chrome.driver system property; for more information, see https://github.com/SeleniumHQ/selenium/wiki/ChromeDriver. The latest version can be downloaded from http://chromedriver.storage.googleapis.com/index.html
	at com.google.common.base.Preconditions.checkState(Preconditions.java:754)
	at org.openqa.selenium.remote.service.DriverService.findExecutable(DriverService.java:124)
	at org.openqa.selenium.chrome.ChromeDriverService.access$000(ChromeDriverService.java:32)
	at org.openqa.selenium.chrome.ChromeDriverService$Builder.findDefaultExecutable(ChromeDriverService.java:137)
	at org.openqa.selenium.remote.service.DriverService$Builder.build(DriverService.java:329)
	at org.openqa.selenium.chrome.ChromeDriverService.createDefaultService(ChromeDriverService.java:88)
	at org.openqa.selenium.chrome.ChromeDriver.<init>(ChromeDriver.java:123)
	at Test1.f(Test1.java:17)
... Removed 35 stack frames]]>
    </failure>
  </testcase> <!-- f -->
  <testcase name="phoneisWrongPwd" time="0.36" classname="LoginTest.LoginTest"/>
</testsuite> <!-- Command line test -->
